<?xml version="1.0" encoding="UTF-8"?>
<!-- Generated by org.testng.reporters.JUnitXMLReporter -->
<testsuite ignored="0" hostname="QT-INNO-LT1579" failures="1" tests="4" name="Error Validation Test" time="38.386" errors="0" timestamp="2023-03-22T16:38:00 IST">
  <testcase classname="E_Com.Tests.ErrorValidationsTest" name="loginErrorValidation" time="0.983">
    <skipped/>
  </testcase> <!-- loginErrorValidation -->
  <testcase classname="E_Com.Tests.ErrorValidationsTest" name="loginErrorValidation" time="1.1">
    <skipped/>
  </testcase> <!-- loginErrorValidation -->
  <testcase classname="E_Com.Tests.ErrorValidationsTest" name="loginErrorValidation" time="1.017">
    <failure type="java.lang.AssertionError" message="expected [Incorrect email or password.] but found [Incorrect email or password]">
      <![CDATA[java.lang.AssertionError: expected [Incorrect email or password.] but found [Incorrect email or password]
at E_Com.Tests.ErrorValidationsTest.loginErrorValidation(ErrorValidationsTest.java:20)
at java.base/java.util.ArrayList.forEach(ArrayList.java:1511)
at java.base/java.util.concurrent.FutureTask.run(FutureTask.java:264)
at java.base/java.util.concurrent.ThreadPoolExecutor.runWorker(ThreadPoolExecutor.java:1136)
at java.base/java.util.concurrent.ThreadPoolExecutor$Worker.run(ThreadPoolExecutor.java:635)
at java.base/java.lang.Thread.run(Thread.java:833)
... Removed 23 stack frames]]>
    </failure>
  </testcase> <!-- loginErrorValidation -->
  <testcase classname="E_Com.Tests.ErrorValidationsTest" name="productErrorValidation" time="18.618"/>
</testsuite> <!-- Error Validation Test -->
